<?xml version="1.0" encoding="UTF-8"?>
<!-- Generated by org.testng.reporters.JUnitReportReporter -->
<testsuite skipped="0" hostname="LVLFCPAB000385" name="testCases.HybridExecuteTest" tests="6" failures="0" timestamp="25 Nov 2017 14:16:26 GMT" time="10.927" errors="0">
  <testcase name="testLogin" time="1.584" classname="testCases.HybridExecuteTest"/>
  <testcase name="testLogin" time="0.912" classname="testCases.HybridExecuteTest"/>
  <testcase name="testLogin" time="0.120" classname="testCases.HybridExecuteTest"/>
  <testcase name="testLogin" time="0.110" classname="testCases.HybridExecuteTest"/>
  <testcase name="testLogin" time="1.755" classname="testCases.HybridExecuteTest"/>
  <testcase name="testLogin" time="6.446" classname="testCases.HybridExecuteTest"/>
</testsuite> <!-- testCases.HybridExecuteTest -->
