<?xml version="1.0" encoding="UTF-8"?>
<!-- Generated by org.testng.reporters.JUnitReportReporter -->
<testsuite skipped="0" hostname="WABELHLP0657890" name="testCases.HybridExecuteTest" tests="6" failures="0" timestamp="10 Jan 2018 02:55:47 GMT" time="11.318" errors="0">
  <testcase name="testLogin" time="0.162" classname="testCases.HybridExecuteTest"/>
  <testcase name="testLogin" time="4.712" classname="testCases.HybridExecuteTest"/>
  <testcase name="testLogin" time="0.167" classname="testCases.HybridExecuteTest"/>
  <testcase name="testLogin" time="2.602" classname="testCases.HybridExecuteTest"/>
  <testcase name="testLogin" time="1.942" classname="testCases.HybridExecuteTest"/>
  <testcase name="testLogin" time="1.733" classname="testCases.HybridExecuteTest"/>
</testsuite> <!-- testCases.HybridExecuteTest -->
