<?xml version="1.0" encoding="UTF-8"?>
<!-- Generated by org.testng.reporters.JUnitReportReporter -->
<testsuite skipped="0" hostname="WABELHLP0657890" name="testCases.HybridExecuteTest" tests="6" failures="0" timestamp="10 Jan 2018 07:07:43 GMT" time="9.834" errors="0">
  <testcase name="testLogin" time="0.083" classname="testCases.HybridExecuteTest"/>
  <testcase name="testLogin" time="3.345" classname="testCases.HybridExecuteTest"/>
  <testcase name="testLogin" time="0.092" classname="testCases.HybridExecuteTest"/>
  <testcase name="testLogin" time="3.719" classname="testCases.HybridExecuteTest"/>
  <testcase name="testLogin" time="1.603" classname="testCases.HybridExecuteTest"/>
  <testcase name="testLogin" time="0.992" classname="testCases.HybridExecuteTest"/>
</testsuite> <!-- testCases.HybridExecuteTest -->
